<?xml version="1.0" encoding="UTF-8"?>
<!-- Generated by org.testng.reporters.JUnitReportReporter -->
<testsuite skipped="0" hostname="cal-fatma" name="site.NagwaSite" tests="3" failures="0" timestamp="2021-01-11T12:22:33 EET" time="5.135" errors="0">
  <testcase name="language" time="1.649" classname="site.NagwaSite"/>
  <system-out/>
  <testcase name="Search" time="0.764" classname="site.NagwaSite"/>
  <system-out/>
  <testcase name="openSecondLesson" time="2.722" classname="site.NagwaSite"/>
  <system-out/>
</testsuite> <!-- site.NagwaSite -->
